# JRE version: OpenJDK Runtime Environment (11.0.7+10) (build 11.0.7+10-post-Ubuntu-2ubuntu218.04)
# Java VM: OpenJDK 64-Bit Server VM (11.0.7+10-post-Ubuntu-2ubuntu218.04, mixed mode, sharing, tiered, compressed oops, g1 gc, linux-amd64)
Heap:
 garbage-first heap   total 61440K, used 12276K [0x00000000c7200000, 0x0000000100000000)
  region size 1024K, 3 young (3072K), 0 survivors (0K)
 Metaspace       used 7456K, capacity 8100K, committed 8192K, reserved 1056768K
  class space    used 672K, capacity 761K, committed 768K, reserved 1048576K
GC Heap History (6 events):
Event: 1,586 GC heap before
{Heap before GC invocations=0 (full 0):
 garbage-first heap   total 61440K, used 14020K [0x00000000c7200000, 0x0000000100000000)
  region size 1024K, 14 young (14336K), 0 survivors (0K)
 Metaspace       used 4374K, capacity 6048K, committed 6272K, reserved 1056768K
  class space    used 378K, capacity 546K, committed 640K, reserved 1048576K
}
Event: 1,599 GC heap after
{Heap after GC invocations=1 (full 0):
 garbage-first heap   total 61440K, used 2736K [0x00000000c7200000, 0x0000000100000000)
  region size 1024K, 2 young (2048K), 2 survivors (2048K)
 Metaspace       used 4374K, capacity 6048K, committed 6272K, reserved 1056768K
  class space    used 378K, capacity 546K, committed 640K, reserved 1048576K
}
Event: 664,127 GC heap before
{Heap before GC invocations=1 (full 0):
 garbage-first heap   total 61440K, used 36528K [0x00000000c7200000, 0x0000000100000000)
  region size 1024K, 34 young (34816K), 2 survivors (2048K)
 Metaspace       used 7393K, capacity 8036K, committed 8192K, reserved 1056768K
  class space    used 670K, capacity 761K, committed 768K, reserved 1048576K
}
Event: 664,152 GC heap after
{Heap after GC invocations=2 (full 0):
 garbage-first heap   total 61440K, used 10980K [0x00000000c7200000, 0x0000000100000000)
  region size 1024K, 5 young (5120K), 5 survivors (5120K)
 Metaspace       used 7393K, capacity 8036K, committed 8192K, reserved 1056768K
  class space    used 670K, capacity 761K, committed 768K, reserved 1048576K
}
Event: 666,357 GC heap before
{Heap before GC invocations=2 (full 0):
 garbage-first heap   total 61440K, used 12004K [0x00000000c7200000, 0x0000000100000000)
  region size 1024K, 6 young (6144K), 5 survivors (5120K)
 Metaspace       used 7393K, capacity 8036K, committed 8192K, reserved 1056768K
  class space    used 670K, capacity 761K, committed 768K, reserved 1048576K
}
Event: 666,373 GC heap after
{Heap after GC invocations=3 (full 0):
 garbage-first heap   total 61440K, used 10228K [0x00000000c7200000, 0x0000000100000000)
  region size 1024K, 0 young (0K), 0 survivors (0K)
 Metaspace       used 7393K, capacity 8036K, committed 8192K, reserved 1056768K
  class space    used 670K, capacity 761K, committed 768K, reserved 1048576K
}

